Unity Editor version:    2022.1.19f1 (2fd7b40534d1)
Branch:                  2022.1/staging
Build type:              Release
Batch mode:              YES
macOS version:           Version 12.6 (Build 21G115)
Darwin version:          21.6.0
Architecture:            x86_64
Running under Rosetta:   NO
Available memory:        16384 MB
Using pre-set license
Pro License: YES

COMMAND LINE ARGUMENTS:
/Applications/Unity/Hub/Editor/2022.1.19f1/Unity.app/Contents/MacOS/Unity
-adb2
-batchMode
-noUpm
-name
AssetImportWorker5
-projectPath
/Users/hayenphan/schoolcode/MusicTerra
-logFile
Logs/AssetImportWorker5.log
-srvPort
64580
Successfully changed project path to: /Users/hayenphan/schoolcode/MusicTerra
/Users/hayenphan/schoolcode/MusicTerra
[UnityMemory] Configuration Parameters - Can be set up in boot.config
    "memorysetup-bucket-allocator-granularity=16"
    "memorysetup-bucket-allocator-bucket-count=8"
    "memorysetup-bucket-allocator-block-size=33554432"
    "memorysetup-bucket-allocator-block-count=8"
    "memorysetup-main-allocator-block-size=16777216"
    "memorysetup-thread-allocator-block-size=16777216"
    "memorysetup-gfx-main-allocator-block-size=16777216"
    "memorysetup-gfx-thread-allocator-block-size=16777216"
    "memorysetup-cache-allocator-block-size=4194304"
    "memorysetup-typetree-allocator-block-size=2097152"
    "memorysetup-profiler-bucket-allocator-granularity=16"
    "memorysetup-profiler-bucket-allocator-bucket-count=8"
    "memorysetup-profiler-bucket-allocator-block-size=33554432"
    "memorysetup-profiler-bucket-allocator-block-count=8"
    "memorysetup-profiler-allocator-block-size=16777216"
    "memorysetup-profiler-editor-allocator-block-size=1048576"
    "memorysetup-temp-allocator-size-main=16777216"
    "memorysetup-job-temp-allocator-block-size=2097152"
    "memorysetup-job-temp-allocator-block-size-background=1048576"
    "memorysetup-job-temp-allocator-reduction-small-platforms=262144"
    "memorysetup-temp-allocator-size-background-worker=32768"
    "memorysetup-temp-allocator-size-job-worker=262144"
    "memorysetup-temp-allocator-size-preload-manager=33554432"
    "memorysetup-temp-allocator-size-nav-mesh-worker=65536"
    "memorysetup-temp-allocator-size-audio-worker=65536"
    "memorysetup-temp-allocator-size-cloud-worker=32768"
    "memorysetup-temp-allocator-size-gi-baking-worker=262144"
    "memorysetup-temp-allocator-size-gfx=262144"
Refreshing native plugins compatible for Editor in 244.34 ms, found 3 plugins.
Preloading 0 native plugins for Editor in 0.00 ms.
Initialize engine version: 2022.1.19f1 (2fd7b40534d1)
[Subsystems] Discovering subsystems at path /Applications/Unity/Hub/Editor/2022.1.19f1/Unity.app/Contents/Resources/UnitySubsystems
[Subsystems] Discovering subsystems at path /Users/hayenphan/schoolcode/MusicTerra/Assets
GfxDevice: creating device client; threaded=0; jobified=0
Color LCD preferred device: AMD Radeon Pro 5500M (high power)
Metal devices available: 2
0: AMD Radeon Pro 5500M (high power)
1: Intel(R) UHD Graphics 630 (low power)
Using device AMD Radeon Pro 5500M (high power)
Initializing Metal device caps: AMD Radeon Pro 5500M
Initialize mono
Mono path[0] = '/Applications/Unity/Hub/Editor/2022.1.19f1/Unity.app/Contents/Managed'
Mono path[1] = '/Applications/Unity/Hub/Editor/2022.1.19f1/Unity.app/Contents/MonoBleedingEdge/lib/mono/unityjit-macos'
Mono config path = '/Applications/Unity/Hub/Editor/2022.1.19f1/Unity.app/Contents/MonoBleedingEdge/etc'
Using monoOptions --debugger-agent=transport=dt_socket,embedding=1,server=y,suspend=n,address=127.0.0.1:56765
Begin MonoManager ReloadAssembly
Registering precompiled unity dll's ...
Register platform support module: /Applications/Unity/Hub/Editor/2022.1.19f1/Unity.app/Contents/PlaybackEngines/MacStandaloneSupport/UnityEditor.OSXStandalone.Extensions.dll
Register platform support module: /Applications/Unity/Hub/Editor/2022.1.19f1/PlaybackEngines/WindowsStandaloneSupport/UnityEditor.WindowsStandalone.Extensions.dll
Registered in 0.001066 seconds.
Native extension for WindowsStandalone target not found
Native extension for OSXStandalone target not found
Refreshing native plugins compatible for Editor in 171.56 ms, found 3 plugins.
Preloading 0 native plugins for Editor in 0.00 ms.
Mono: successfully reloaded assembly
- Completed reload, in  1.189 seconds
Domain Reload Profiling:
	ReloadAssembly (1190ms)
		BeginReloadAssembly (106ms)
			ExecutionOrderSort (0ms)
			DisableScriptedObjects (0ms)
			BackupInstance (0ms)
			ReleaseScriptingObjects (0ms)
			CreateAndSetChildDomain (1ms)
		EndReloadAssembly (886ms)
			LoadAssemblies (105ms)
			RebuildTransferFunctionScriptingTraits (0ms)
			SetupTypeCache (238ms)
				TypeCache.Initialize (237ms)
					TypeCache.ScanAssembly (235ms)
				ResolveRequiredComponents (1ms)
			ReleaseScriptCaches (0ms)
			RebuildScriptCaches (52ms)
			SetupLoadedEditorAssemblies (508ms)
				LogAssemblyErrors (0ms)
				InitializePlatformSupportModulesInManaged (11ms)
				SetLoadedEditorAssemblies (11ms)
				RefreshPlugins (172ms)
				BeforeProcessingInitializeOnLoad (2ms)
				ProcessInitializeOnLoadAttributes (236ms)
				ProcessInitializeOnLoadMethodAttributes (76ms)
				AfterProcessingInitializeOnLoad (0ms)
				EditorAssembliesLoaded (0ms)
			ExecutionOrderSort2 (0ms)
			AwakeInstancesAfterBackupRestoration (0ms)
Platform modules already initialized, skipping
Registering precompiled user dll's ...
Registered in 0.005932 seconds.
Begin MonoManager ReloadAssembly
Native extension for WindowsStandalone target not found
Native extension for OSXStandalone target not found
Refreshing native plugins compatible for Editor in 250.35 ms, found 3 plugins.
Preloading 0 native plugins for Editor in 0.00 ms.
Mono: successfully reloaded assembly
- Completed reload, in  2.870 seconds
Domain Reload Profiling:
	ReloadAssembly (2871ms)
		BeginReloadAssembly (201ms)
			ExecutionOrderSort (0ms)
			DisableScriptedObjects (9ms)
			BackupInstance (0ms)
			ReleaseScriptingObjects (0ms)
			CreateAndSetChildDomain (54ms)
		EndReloadAssembly (2456ms)
			LoadAssemblies (135ms)
			RebuildTransferFunctionScriptingTraits (0ms)
			SetupTypeCache (631ms)
				TypeCache.Initialize (600ms)
					TypeCache.ScanAssembly (593ms)
				ResolveRequiredComponents (31ms)
			ReleaseScriptCaches (1ms)
			RebuildScriptCaches (156ms)
			SetupLoadedEditorAssemblies (1408ms)
				LogAssemblyErrors (0ms)
				InitializePlatformSupportModulesInManaged (6ms)
				SetLoadedEditorAssemblies (10ms)
				RefreshPlugins (250ms)
				BeforeProcessingInitializeOnLoad (204ms)
				ProcessInitializeOnLoadAttributes (863ms)
				ProcessInitializeOnLoadMethodAttributes (73ms)
				AfterProcessingInitializeOnLoad (2ms)
				EditorAssembliesLoaded (0ms)
			ExecutionOrderSort2 (0ms)
			AwakeInstancesAfterBackupRestoration (7ms)
Platform modules already initialized, skipping
========================================================================
Worker process is ready to serve import requests
Launching external process: /Applications/Unity/Hub/Editor/2022.1.19f1/Unity.app/Contents/Tools/UnityShaderCompiler
Launched and connected shader compiler UnityShaderCompiler after 0.07 seconds
Refreshing native plugins compatible for Editor in 1.83 ms, found 3 plugins.
Preloading 0 native plugins for Editor in 0.00 ms.
Unloading 4379 Unused Serialized files (Serialized files now loaded: 0)
Unloading 78 unused Assets / (1.7 MB). Loaded Objects now: 4888.
Memory consumption went from 0.89 GB to 0.89 GB.
Total: 7.169459 ms (FindLiveObjects: 0.664900 ms CreateObjectMapping: 0.830641 ms MarkObjects: 4.887685 ms  DeleteObjects: 0.784925 ms)

AssetImportParameters requested are different than current active one (requested -> active):
  custom:video-decoder-ogg-theora: a1e56fd34408186e4bbccfd4996cb3dc -> 
  custom:container-muxer-webm: aa71ff27fc2769a1b78a27578f13a17b -> 
  custom:container-demuxer-webm: 4f35f7cbe854078d1ac9338744f61a02 -> 
  custom:video-encoder-webm-vp8: eb34c28f22e8b96e1ab97ce403110664 -> 
  custom:framework-osx-AVFoundation: e770b220cccbd017edd2c1fefb359320 -> 
  custom:audio-encoder-webm-vorbis: bf7c407c2cedff20999df2af8eb42d56 -> 
  custom:container-demuxer-ogg: 62fdf1f143b41e24485cea50d1cbac27 -> 
  custom:video-decoder-webm-vp8: 9c59270c3fd7afecdb556c50c9e8de78 -> 
  custom:audio-decoder-ogg-vorbis: bf7c407c2cedff20999df2af8eb42d56 -> 
========================================================================
Received Prepare
Registering precompiled user dll's ...
Registered in 0.005027 seconds.
Begin MonoManager ReloadAssembly
Native extension for WindowsStandalone target not found
Native extension for OSXStandalone target not found
Refreshing native plugins compatible for Editor in 1.65 ms, found 3 plugins.
Preloading 0 native plugins for Editor in 0.00 ms.
Mono: successfully reloaded assembly
- Completed reload, in  1.866 seconds
Domain Reload Profiling:
	ReloadAssembly (1867ms)
		BeginReloadAssembly (242ms)
			ExecutionOrderSort (0ms)
			DisableScriptedObjects (11ms)
			BackupInstance (0ms)
			ReleaseScriptingObjects (0ms)
			CreateAndSetChildDomain (103ms)
		EndReloadAssembly (1476ms)
			LoadAssemblies (113ms)
			RebuildTransferFunctionScriptingTraits (0ms)
			SetupTypeCache (529ms)
				TypeCache.Initialize (504ms)
					TypeCache.ScanAssembly (497ms)
				ResolveRequiredComponents (26ms)
			ReleaseScriptCaches (3ms)
			RebuildScriptCaches (86ms)
			SetupLoadedEditorAssemblies (668ms)
				LogAssemblyErrors (0ms)
				InitializePlatformSupportModulesInManaged (11ms)
				SetLoadedEditorAssemblies (10ms)
				RefreshPlugins (2ms)
				BeforeProcessingInitializeOnLoad (78ms)
				ProcessInitializeOnLoadAttributes (512ms)
				ProcessInitializeOnLoadMethodAttributes (54ms)
				AfterProcessingInitializeOnLoad (1ms)
				EditorAssembliesLoaded (0ms)
			ExecutionOrderSort2 (0ms)
			AwakeInstancesAfterBackupRestoration (7ms)
Platform modules already initialized, skipping
Refreshing native plugins compatible for Editor in 3.32 ms, found 3 plugins.
Preloading 0 native plugins for Editor in 0.00 ms.
Unloading 4169 Unused Serialized files (Serialized files now loaded: 0)
Unloading 59 unused Assets / (1.7 MB). Loaded Objects now: 4904.
Memory consumption went from 0.87 GB to 0.87 GB.
Total: 6.657643 ms (FindLiveObjects: 0.373815 ms CreateObjectMapping: 0.483940 ms MarkObjects: 5.065949 ms  DeleteObjects: 0.732682 ms)

AssetImportParameters requested are different than current active one (requested -> active):
  custom:video-decoder-ogg-theora: a1e56fd34408186e4bbccfd4996cb3dc -> 
  custom:container-muxer-webm: aa71ff27fc2769a1b78a27578f13a17b -> 
  custom:container-demuxer-webm: 4f35f7cbe854078d1ac9338744f61a02 -> 
  custom:video-encoder-webm-vp8: eb34c28f22e8b96e1ab97ce403110664 -> 
  custom:framework-osx-AVFoundation: e770b220cccbd017edd2c1fefb359320 -> 
  custom:audio-encoder-webm-vorbis: bf7c407c2cedff20999df2af8eb42d56 -> 
  custom:container-demuxer-ogg: 62fdf1f143b41e24485cea50d1cbac27 -> 
  custom:video-decoder-webm-vp8: 9c59270c3fd7afecdb556c50c9e8de78 -> 
  custom:audio-decoder-ogg-vorbis: bf7c407c2cedff20999df2af8eb42d56 -> 
========================================================================
Received Import Request.
  Time since last request: 8140.609887 seconds.
  path: Assets/Textures/Character/Character dress_DefaultMaterial_Normal.jpg
  artifactKey: Guid(af53ad1f9e2914db7b3ca4e7334edb58) Importer(2089858483,c653a7c40615fbf8c82c05b109e42dfe)
Start importing Assets/Textures/Character/Character dress_DefaultMaterial_Normal.jpg using Guid(af53ad1f9e2914db7b3ca4e7334edb58) Importer(2089858483,c653a7c40615fbf8c82c05b109e42dfe)  -> (artifact id: '0c6eb31d6706faafa6a7c174b664a85d') in 0.561028 seconds 
========================================================================
Received Import Request.
  Time since last request: 0.000105 seconds.
  path: Assets/Textures/MusicRoom/GroundGrassGreenPatchy006_COL_2K.jpg
  artifactKey: Guid(c40e7a811be894d30947ab27a634ee21) Importer(2089858483,c653a7c40615fbf8c82c05b109e42dfe)
Start importing Assets/Textures/MusicRoom/GroundGrassGreenPatchy006_COL_2K.jpg using Guid(c40e7a811be894d30947ab27a634ee21) Importer(2089858483,c653a7c40615fbf8c82c05b109e42dfe)  -> (artifact id: '0edfb41b374b4aec7e2bf3f29ea38de0') in 0.021684 seconds 
========================================================================
Received Import Request.
  Time since last request: 0.000102 seconds.
  path: Assets/Textures/Glasses/Clay001_2K_Roughness.jpg
  artifactKey: Guid(f822304bd9e344530a2b75a64142e07c) Importer(2089858483,c653a7c40615fbf8c82c05b109e42dfe)
Start importing Assets/Textures/Glasses/Clay001_2K_Roughness.jpg using Guid(f822304bd9e344530a2b75a64142e07c) Importer(2089858483,c653a7c40615fbf8c82c05b109e42dfe)  -> (artifact id: '6814b88e8f5a7be022a7ec62d29a0d2b') in 0.039421 seconds 
========================================================================
Received Import Request.
  Time since last request: 0.000088 seconds.
  path: Assets/Materials/Character/Top.mat
  artifactKey: Guid(e8381db7cbceb413cba33955fbc39cc0) Importer(2089858483,c653a7c40615fbf8c82c05b109e42dfe)
Start importing Assets/Materials/Character/Top.mat using Guid(e8381db7cbceb413cba33955fbc39cc0) Importer(2089858483,c653a7c40615fbf8c82c05b109e42dfe)  -> (artifact id: '4be875f2976a4687608dcad95947b3c4') in 0.199533 seconds 
========================================================================
Received Import Request.
  Time since last request: 0.000092 seconds.
  path: Assets/Textures/Marcus Textures/outfit-bodysuit-01-v2-m-top-N.jpeg
  artifactKey: Guid(74c89f0ca1b7043e9afab431ce05318b) Importer(2089858483,c653a7c40615fbf8c82c05b109e42dfe)
Start importing Assets/Textures/Marcus Textures/outfit-bodysuit-01-v2-m-top-N.jpeg using Guid(74c89f0ca1b7043e9afab431ce05318b) Importer(2089858483,c653a7c40615fbf8c82c05b109e42dfe)  -> (artifact id: '78fbc2e0cbf558b730e39c9038d2ac9d') in 0.168597 seconds 
========================================================================
Received Import Request.
  Time since last request: 0.000117 seconds.
  path: Assets/Textures/MusicRoom/Metal044B_2K_Displacement.jpg
  artifactKey: Guid(bd3b0cbd310e2463280e2c2dfa316fec) Importer(2089858483,c653a7c40615fbf8c82c05b109e42dfe)
Start importing Assets/Textures/MusicRoom/Metal044B_2K_Displacement.jpg using Guid(bd3b0cbd310e2463280e2c2dfa316fec) Importer(2089858483,c653a7c40615fbf8c82c05b109e42dfe)  -> (artifact id: '5ded2ac8cea6fa3959fd584c6e801157') in 0.023278 seconds 
========================================================================
Received Import Request.
  Time since last request: 0.000089 seconds.
  path: Assets/Textures/Glasses/Clay001_2K_Normal.jpg
  artifactKey: Guid(d46f4d703733846b8b44ee3bf6a8e2bd) Importer(2089858483,c653a7c40615fbf8c82c05b109e42dfe)
Start importing Assets/Textures/Glasses/Clay001_2K_Normal.jpg using Guid(d46f4d703733846b8b44ee3bf6a8e2bd) Importer(2089858483,c653a7c40615fbf8c82c05b109e42dfe)  -> (artifact id: '615c1317b4ac1d11113800a81e2e6975') in 0.022732 seconds 
========================================================================
Received Import Request.
  Time since last request: 0.000088 seconds.
  path: Assets/Textures/MusicRoom/Metal044B_2K_Color.jpg
  artifactKey: Guid(081e630d539274e6bb2678b9b346c880) Importer(2089858483,c653a7c40615fbf8c82c05b109e42dfe)
Start importing Assets/Textures/MusicRoom/Metal044B_2K_Color.jpg using Guid(081e630d539274e6bb2678b9b346c880) Importer(2089858483,c653a7c40615fbf8c82c05b109e42dfe)  -> (artifact id: '5f165e9063321dbd7d3cff1a8b7108a5') in 0.021685 seconds 
========================================================================
Received Import Request.
  Time since last request: 0.000080 seconds.
  path: Assets/Textures/Marcus Textures/outfit-bodysuit-01-v2-m-footwear-M-outfit-bodysuit-01-v2-m-f.png
  artifactKey: Guid(8be95f830b45c4c928f9f3dc5c66a2dd) Importer(2089858483,c653a7c40615fbf8c82c05b109e42dfe)
Start importing Assets/Textures/Marcus Textures/outfit-bodysuit-01-v2-m-footwear-M-outfit-bodysuit-01-v2-m-f.png using Guid(8be95f830b45c4c928f9f3dc5c66a2dd) Importer(2089858483,c653a7c40615fbf8c82c05b109e42dfe)  -> (artifact id: '49aaf36ddf985882e15d022d79573f56') in 0.138209 seconds 
========================================================================
Received Import Request.
  Time since last request: 0.000142 seconds.
  path: Assets/Textures/Character/Character dress_DefaultMaterial_AlbedoTransparency.jpg
  artifactKey: Guid(92e89ec57ca6b42cd932b72e815a3fa4) Importer(2089858483,c653a7c40615fbf8c82c05b109e42dfe)
Start importing Assets/Textures/Character/Character dress_DefaultMaterial_AlbedoTransparency.jpg using Guid(92e89ec57ca6b42cd932b72e815a3fa4) Importer(2089858483,c653a7c40615fbf8c82c05b109e42dfe)  -> (artifact id: '6ad0b650741f602776f05051aa0b9fba') in 0.015890 seconds 
========================================================================
Received Import Request.
  Time since last request: 0.000071 seconds.
  path: Assets/Textures/Glasses/Chipboard002_2K_Roughness.jpg
  artifactKey: Guid(5af6cc3521c554c3a96f32accbe76935) Importer(2089858483,c653a7c40615fbf8c82c05b109e42dfe)
Start importing Assets/Textures/Glasses/Chipboard002_2K_Roughness.jpg using Guid(5af6cc3521c554c3a96f32accbe76935) Importer(2089858483,c653a7c40615fbf8c82c05b109e42dfe)  -> (artifact id: 'd2fb854e5d374a53cb73d6a1d137f243') in 0.027616 seconds 
========================================================================
Received Import Request.
  Time since last request: 0.000082 seconds.
  path: Assets/Textures/Glasses/Clay001_2K_Color.jpg
  artifactKey: Guid(492376e7566d34a2e95b0f4cd1f03742) Importer(2089858483,c653a7c40615fbf8c82c05b109e42dfe)
Start importing Assets/Textures/Glasses/Clay001_2K_Color.jpg using Guid(492376e7566d34a2e95b0f4cd1f03742) Importer(2089858483,c653a7c40615fbf8c82c05b109e42dfe)  -> (artifact id: 'e42a34a1a38d1ad1f6fa4eecfdbb6a1f') in 0.022581 seconds 
========================================================================
Received Import Request.
  Time since last request: 0.000073 seconds.
  path: Assets/Musical Instruments and Musician Props/_Prefabs/pfb_Music_SaxNeon.prefab
  artifactKey: Guid(7100a1c8751c1c14eb8bc46b755baa5e) Importer(2089858483,c653a7c40615fbf8c82c05b109e42dfe)
Start importing Assets/Musical Instruments and Musician Props/_Prefabs/pfb_Music_SaxNeon.prefab using Guid(7100a1c8751c1c14eb8bc46b755baa5e) Importer(2089858483,c653a7c40615fbf8c82c05b109e42dfe)  -> (artifact id: '025ba0dd22148130f45f71cd380b4c7f') in 0.154194 seconds 
========================================================================
Received Import Request.
  Time since last request: 0.000135 seconds.
  path: Assets/Textures/Glasses/Chipboard002_2K_Color.jpg
  artifactKey: Guid(c814cea3e79204b288e8ebeca98c98ab) Importer(2089858483,c653a7c40615fbf8c82c05b109e42dfe)
Start importing Assets/Textures/Glasses/Chipboard002_2K_Color.jpg using Guid(c814cea3e79204b288e8ebeca98c98ab) Importer(2089858483,c653a7c40615fbf8c82c05b109e42dfe)  -> (artifact id: 'a828056dcfcbca5befe3dc1fd2374e53') in 0.024553 seconds 
========================================================================
Received Import Request.
  Time since last request: 0.000141 seconds.
  path: Assets/Almgp sci-fi interior_2/model/models/Disco_DefaultMaterial_Normal.tga
  artifactKey: Guid(ae46a72b07e68e3478b96bfe2f6fee4c) Importer(2089858483,c653a7c40615fbf8c82c05b109e42dfe)
Start importing Assets/Almgp sci-fi interior_2/model/models/Disco_DefaultMaterial_Normal.tga using Guid(ae46a72b07e68e3478b96bfe2f6fee4c) Importer(2089858483,c653a7c40615fbf8c82c05b109e42dfe)  -> (artifact id: '075196205e4876c164fe23d25d216ca0') in 0.167839 seconds 
========================================================================
Received Import Request.
  Time since last request: 0.000147 seconds.
  path: Assets/Musical Instruments and Musician Props/_Textures/Guitar_Electric_01_AO.tga
  artifactKey: Guid(e12f0e82f7b672a4ea5b8f51e7a8f9c9) Importer(2089858483,c653a7c40615fbf8c82c05b109e42dfe)
Start importing Assets/Musical Instruments and Musician Props/_Textures/Guitar_Electric_01_AO.tga using Guid(e12f0e82f7b672a4ea5b8f51e7a8f9c9) Importer(2089858483,c653a7c40615fbf8c82c05b109e42dfe)  -> (artifact id: '726429c7b09b7785f3efce50e7844998') in 0.019020 seconds 
========================================================================
Received Import Request.
  Time since last request: 0.000179 seconds.
  path: Assets/TextMesh Pro/Shaders/TMP_SDF-Mobile Overlay.shader
  artifactKey: Guid(a02a7d8c237544f1962732b55a9aebf1) Importer(2089858483,c653a7c40615fbf8c82c05b109e42dfe)
Start importing Assets/TextMesh Pro/Shaders/TMP_SDF-Mobile Overlay.shader using Guid(a02a7d8c237544f1962732b55a9aebf1) Importer(2089858483,c653a7c40615fbf8c82c05b109e42dfe)  -> (artifact id: '38e86eb1868c2a7046466422a94ce8a6') in 0.103285 seconds 
========================================================================
Received Import Request.
  Time since last request: 0.000180 seconds.
  path: Assets/Almgp sci-fi interior_2/model/models/Sofa.fbx
  artifactKey: Guid(6408e95422c1e9f4598c4140091be2e4) Importer(2089858483,c653a7c40615fbf8c82c05b109e42dfe)
Start importing Assets/Almgp sci-fi interior_2/model/models/Sofa.fbx using Guid(6408e95422c1e9f4598c4140091be2e4) Importer(2089858483,c653a7c40615fbf8c82c05b109e42dfe)  -> (artifact id: '7d2e5ee062fd6570a642814c9e980e55') in 0.134209 seconds 
========================================================================
Received Import Request.
  Time since last request: 0.000125 seconds.
  path: Assets/TextMesh Pro/Shaders/TMP_Bitmap-Custom-Atlas.shader
  artifactKey: Guid(48bb5f55d8670e349b6e614913f9d910) Importer(2089858483,c653a7c40615fbf8c82c05b109e42dfe)
Start importing Assets/TextMesh Pro/Shaders/TMP_Bitmap-Custom-Atlas.shader using Guid(48bb5f55d8670e349b6e614913f9d910) Importer(2089858483,c653a7c40615fbf8c82c05b109e42dfe)  -> (artifact id: 'c3bb100a7cfbcf7d4b6540ba503688d3') in 0.008759 seconds 
========================================================================
Received Import Request.
  Time since last request: 0.000135 seconds.
  path: Assets/Cyberpunk Downtown Vol.1/Models/Lantern_01 (6) Variant.prefab
  artifactKey: Guid(e271f49dbb2d64bf797eca53a97c6d64) Importer(2089858483,c653a7c40615fbf8c82c05b109e42dfe)
Start importing Assets/Cyberpunk Downtown Vol.1/Models/Lantern_01 (6) Variant.prefab using Guid(e271f49dbb2d64bf797eca53a97c6d64) Importer(2089858483,c653a7c40615fbf8c82c05b109e42dfe)  -> (artifact id: '4fb8566276cd3f6bc9ebd164f84e7e4f') in 0.014553 seconds 
========================================================================
Received Import Request.
  Time since last request: 0.000109 seconds.
  path: Assets/Musical Instruments and Musician Props/_Materials/Music_Cigarette.mat
  artifactKey: Guid(21e58a04ab8bbe3429206b8b8a544b96) Importer(2089858483,c653a7c40615fbf8c82c05b109e42dfe)
Start importing Assets/Musical Instruments and Musician Props/_Materials/Music_Cigarette.mat using Guid(21e58a04ab8bbe3429206b8b8a544b96) Importer(2089858483,c653a7c40615fbf8c82c05b109e42dfe)  -> (artifact id: '92d4e55d105a83054ec7f9fbd9f67b22') in 0.012583 seconds 
========================================================================
Received Import Request.
  Time since last request: 0.000079 seconds.
  path: Assets/Musical Instruments and Musician Props/_Textures/Drumkit_Df copy.png
  artifactKey: Guid(d9cc2385e4a164b808f1a47345727ff0) Importer(2089858483,c653a7c40615fbf8c82c05b109e42dfe)
Start importing Assets/Musical Instruments and Musician Props/_Textures/Drumkit_Df copy.png using Guid(d9cc2385e4a164b808f1a47345727ff0) Importer(2089858483,c653a7c40615fbf8c82c05b109e42dfe)  -> (artifact id: 'a3ea2807b10dd9139cd24c6ec8558437') in 0.016434 seconds 
========================================================================
Received Import Request.
  Time since last request: 0.000103 seconds.
  path: Assets/Photon/FusionAddressables/NetworkPrefabSourceUnityAddressable.cs
  artifactKey: Guid(d0905136065ef6c4d8cc261872480d44) Importer(2089858483,c653a7c40615fbf8c82c05b109e42dfe)
Start importing Assets/Photon/FusionAddressables/NetworkPrefabSourceUnityAddressable.cs using Guid(d0905136065ef6c4d8cc261872480d44) Importer(2089858483,c653a7c40615fbf8c82c05b109e42dfe)  -> (artifact id: 'b5aae808bcacc7060aa9dc3bd48da9f4') in 0.127014 seconds 
========================================================================
Received Import Request.
  Time since last request: 0.000168 seconds.
  path: Assets/Textures/MusicRoom/Metal044B_2K_NormalGL.jpg
  artifactKey: Guid(f01f659db9ea84022b9b19bdcccb7245) Importer(2089858483,c653a7c40615fbf8c82c05b109e42dfe)
Start importing Assets/Textures/MusicRoom/Metal044B_2K_NormalGL.jpg using Guid(f01f659db9ea84022b9b19bdcccb7245) Importer(2089858483,c653a7c40615fbf8c82c05b109e42dfe)  -> (artifact id: 'c25bbe50f70dda5c39b9c3853fafae34') in 0.019954 seconds 
========================================================================
Received Import Request.
  Time since last request: 0.000085 seconds.
  path: Assets/Textures/Character/This is the real one HAIR_DefaultMaterial_AlbedoTransparency.png
  artifactKey: Guid(a73fd7147a9f24e09b956a4470a6dc60) Importer(2089858483,c653a7c40615fbf8c82c05b109e42dfe)
Start importing Assets/Textures/Character/This is the real one HAIR_DefaultMaterial_AlbedoTransparency.png using Guid(a73fd7147a9f24e09b956a4470a6dc60) Importer(2089858483,c653a7c40615fbf8c82c05b109e42dfe)  -> (artifact id: '5ea20853cc5184a47598ab6cd8720e09') in 0.035261 seconds 
========================================================================
Received Import Request.
  Time since last request: 0.000066 seconds.
  path: Assets/Textures/Character/Character dress_DefaultMaterial_MetallicSmoothness.jpg
  artifactKey: Guid(180068f6eefe246fb9e1608e7a46bbea) Importer(2089858483,c653a7c40615fbf8c82c05b109e42dfe)
Start importing Assets/Textures/Character/Character dress_DefaultMaterial_MetallicSmoothness.jpg using Guid(180068f6eefe246fb9e1608e7a46bbea) Importer(2089858483,c653a7c40615fbf8c82c05b109e42dfe)  -> (artifact id: 'f146821ea6fde7636258f8a2808fd9e6') in 0.018050 seconds 
========================================================================
Received Import Request.
  Time since last request: 0.000099 seconds.
  path: Assets/Cyberpunk Downtown Vol.1/Scenes/Cyberpunk Downtown (Light).unity
  artifactKey: Guid(0eba89bd2ec6e6e408534dde068e9e4d) Importer(2089858483,c653a7c40615fbf8c82c05b109e42dfe)
Start importing Assets/Cyberpunk Downtown Vol.1/Scenes/Cyberpunk Downtown (Light).unity using Guid(0eba89bd2ec6e6e408534dde068e9e4d) Importer(2089858483,c653a7c40615fbf8c82c05b109e42dfe) Opening scene 'Assets/Cyberpunk Downtown Vol.1/Scenes/Cyberpunk Downtown (Light).unity additively'
LightingSettings: switching bake backend from 1 to 2.
Loaded scene 'Assets/Cyberpunk Downtown Vol.1/Scenes/Cyberpunk Downtown (Light).unity'
	Deserialize:            303.159 ms
	Integration:            7563.458 ms
	Integration of assets:  4.336 ms
	Thread Wait Time:       -0.382 ms
	Total Operation Time:   7870.571 ms
Editor requested this worker to shutdown with reason: Scaling down because of idle timeout
